Running committee mace with 6 models
Loading structures...
Calculating force variances...

Variance Summary:
Mean variance: 0.279951
Max variance: 0.280226
Min variance: 0.279561

Selected 5 structures for adversarial attacks:
vac_structure_1468_step_0: 0.280226
vac_structure_1518_step_0: 0.280220
vac_structure_1354_step_0: 0.279966
psfc_neb_4_structure_4981_step_0: 0.279781
vac_structure_1478_step_0: 0.279561
Running committee mace with 6 models

Running adversarial attacks...

Optimizing structure: vac_structure_1468_step_0
Initial variance: 0.280226

Step 0: Accepted move
New variance: 0.007246
Acceptance rate: 100.00%

Step 1: Accepted move
New variance: 0.008953
Acceptance rate: 100.00%

Step 2: Accepted move
New variance: 0.004249
Acceptance rate: 100.00%

Step 3: Accepted move
New variance: 0.002975
Acceptance rate: 100.00%

Step 4: Accepted move
New variance: 0.002231
Acceptance rate: 100.00%

Step 5: Accepted move
New variance: 0.002146
Acceptance rate: 100.00%

Step 6: Accepted move
New variance: 0.002335
Acceptance rate: 100.00%

Step 7: Accepted move
New variance: 0.002386
Acceptance rate: 100.00%

Step 8: Accepted move
New variance: 0.002221
Acceptance rate: 100.00%

Step 9: Accepted move
New variance: 0.002292
Acceptance rate: 100.00%

Step 10: Accepted move
New variance: 0.002094
Acceptance rate: 100.00%

Step 11: Accepted move
New variance: 0.002057
Acceptance rate: 100.00%

Step 12: Accepted move
New variance: 0.001745
Acceptance rate: 100.00%

Step 13: Accepted move
New variance: 0.001916
Acceptance rate: 100.00%

Step 14: Accepted move
New variance: 0.002319
Acceptance rate: 100.00%

Step 15: Accepted move
New variance: 0.002137
Acceptance rate: 100.00%

Step 16: Accepted move
New variance: 0.002233
Acceptance rate: 100.00%

Step 17: Accepted move
New variance: 0.001889
Acceptance rate: 100.00%

Step 18: Accepted move
New variance: 0.001991
Acceptance rate: 100.00%

Step 19: Accepted move
New variance: 0.001735
Acceptance rate: 100.00%

Step 20: Accepted move
New variance: 0.001655
Acceptance rate: 100.00%

Step 21: Accepted move
New variance: 0.002190
Acceptance rate: 100.00%

Step 22: Accepted move
New variance: 0.001914
Acceptance rate: 100.00%

Step 23: Accepted move
New variance: 0.002040
Acceptance rate: 100.00%

Step 24: Accepted move
New variance: 0.002183
Acceptance rate: 100.00%

Stopping: No improvement for 25 steps

Optimization complete:
Best variance: 0.280227
Accepted moves: 25/25 (100.00%)
Trajectory saved to: ../../data/zr-w-v-ti-cr/gen_4_2024-11-13/aa_results/batch_7/vac_structure_1468_step_0_adversarial.xyz

Optimizing structure: vac_structure_1518_step_0
Initial variance: 0.280220

Step 0: Accepted move
New variance: 0.012022
Acceptance rate: 100.00%

Step 1: Accepted move
New variance: 0.005868
Acceptance rate: 100.00%

Step 2: Accepted move
New variance: 0.004034
Acceptance rate: 100.00%

Step 3: Accepted move
New variance: 0.003096
Acceptance rate: 100.00%

Step 4: Accepted move
New variance: 0.003869
Acceptance rate: 100.00%

Step 5: Accepted move
New variance: 0.003000
Acceptance rate: 100.00%

Step 6: Accepted move
New variance: 0.003021
Acceptance rate: 100.00%

Step 7: Accepted move
New variance: 0.002690
Acceptance rate: 100.00%

Step 8: Accepted move
New variance: 0.002132
Acceptance rate: 100.00%

Step 9: Accepted move
New variance: 0.001815
Acceptance rate: 100.00%

Step 10: Accepted move
New variance: 0.002244
Acceptance rate: 100.00%

Step 11: Accepted move
New variance: 0.002265
Acceptance rate: 100.00%

Step 12: Accepted move
New variance: 0.002407
Acceptance rate: 100.00%

Step 13: Accepted move
New variance: 0.002776
Acceptance rate: 100.00%

Step 14: Accepted move
New variance: 0.003479
Acceptance rate: 100.00%

Step 15: Accepted move
New variance: 0.005442
Acceptance rate: 100.00%

Step 16: Accepted move
New variance: 0.002442
Acceptance rate: 100.00%

Step 17: Accepted move
New variance: 0.002224
Acceptance rate: 100.00%

Step 18: Accepted move
New variance: 0.002045
Acceptance rate: 100.00%

Step 19: Accepted move
New variance: 0.002187
Acceptance rate: 100.00%

Step 20: Accepted move
New variance: 0.002546
Acceptance rate: 100.00%

Step 21: Accepted move
New variance: 0.002469
Acceptance rate: 100.00%

Step 22: Accepted move
New variance: 0.001710
Acceptance rate: 100.00%

Step 23: Accepted move
New variance: 0.001903
Acceptance rate: 100.00%

Step 24: Accepted move
New variance: 0.002050
Acceptance rate: 100.00%

Stopping: No improvement for 25 steps

Optimization complete:
Best variance: 0.280221
Accepted moves: 25/25 (100.00%)
Trajectory saved to: ../../data/zr-w-v-ti-cr/gen_4_2024-11-13/aa_results/batch_7/vac_structure_1518_step_0_adversarial.xyz

Optimizing structure: vac_structure_1354_step_0
Initial variance: 0.279966

Step 0: Accepted move
New variance: 0.007639
Acceptance rate: 100.00%

Step 1: Accepted move
New variance: 0.003572
Acceptance rate: 100.00%

Step 2: Accepted move
New variance: 0.003888
Acceptance rate: 100.00%

Step 3: Accepted move
New variance: 0.003411
Acceptance rate: 100.00%

Step 4: Accepted move
New variance: 0.003066
Acceptance rate: 100.00%

Step 5: Accepted move
New variance: 0.002224
Acceptance rate: 100.00%

Step 6: Accepted move
New variance: 0.002064
Acceptance rate: 100.00%

Step 7: Accepted move
New variance: 0.002178
Acceptance rate: 100.00%

Step 8: Accepted move
New variance: 0.002208
Acceptance rate: 100.00%

Step 9: Accepted move
New variance: 0.002556
Acceptance rate: 100.00%

Step 10: Accepted move
New variance: 0.002447
Acceptance rate: 100.00%

Step 11: Accepted move
New variance: 0.002324
Acceptance rate: 100.00%

Step 12: Accepted move
New variance: 0.001490
Acceptance rate: 100.00%

Step 13: Accepted move
New variance: 0.001713
Acceptance rate: 100.00%

Step 14: Accepted move
New variance: 0.001727
Acceptance rate: 100.00%

Step 15: Accepted move
New variance: 0.001958
Acceptance rate: 100.00%

Step 16: Accepted move
New variance: 0.001685
Acceptance rate: 100.00%

Step 17: Accepted move
New variance: 0.002275
Acceptance rate: 100.00%

Step 18: Accepted move
New variance: 0.002744
Acceptance rate: 100.00%

Step 19: Accepted move
New variance: 0.002181
Acceptance rate: 100.00%

Step 20: Accepted move
New variance: 0.002903
Acceptance rate: 100.00%

Step 21: Accepted move
New variance: 0.003123
Acceptance rate: 100.00%

Step 22: Accepted move
New variance: 0.002773
Acceptance rate: 100.00%

Step 23: Accepted move
New variance: 0.002689
Acceptance rate: 100.00%

Step 24: Accepted move
New variance: 0.002454
Acceptance rate: 100.00%

Stopping: No improvement for 25 steps

Optimization complete:
Best variance: 0.279966
Accepted moves: 25/25 (100.00%)
Trajectory saved to: ../../data/zr-w-v-ti-cr/gen_4_2024-11-13/aa_results/batch_7/vac_structure_1354_step_0_adversarial.xyz

Optimizing structure: psfc_neb_4_structure_4981_step_0
Initial variance: 0.279781

Step 0: Accepted move
New variance: 0.005911
Acceptance rate: 100.00%

Step 1: Accepted move
New variance: 0.003572
Acceptance rate: 100.00%

Step 2: Accepted move
New variance: 0.002489
Acceptance rate: 100.00%

Step 3: Accepted move
New variance: 0.002444
Acceptance rate: 100.00%

Step 4: Accepted move
New variance: 0.002059
Acceptance rate: 100.00%

Step 5: Accepted move
New variance: 0.001553
Acceptance rate: 100.00%

Step 6: Accepted move
New variance: 0.001657
Acceptance rate: 100.00%

Step 7: Accepted move
New variance: 0.001384
Acceptance rate: 100.00%

Step 8: Accepted move
New variance: 0.001519
Acceptance rate: 100.00%

Step 9: Accepted move
New variance: 0.001746
Acceptance rate: 100.00%

Step 10: Accepted move
New variance: 0.001427
Acceptance rate: 100.00%

Step 11: Accepted move
New variance: 0.001354
Acceptance rate: 100.00%

Step 12: Accepted move
New variance: 0.001327
Acceptance rate: 100.00%

Step 13: Accepted move
New variance: 0.002550
Acceptance rate: 100.00%

Step 14: Accepted move
New variance: 0.001882
Acceptance rate: 100.00%

Step 15: Accepted move
New variance: 0.002367
Acceptance rate: 100.00%

Step 16: Accepted move
New variance: 0.001523
Acceptance rate: 100.00%

Step 17: Accepted move
New variance: 0.001824
Acceptance rate: 100.00%

Step 18: Accepted move
New variance: 0.002063
Acceptance rate: 100.00%

Step 19: Accepted move
New variance: 0.001463
Acceptance rate: 100.00%

Step 20: Accepted move
New variance: 0.001570
Acceptance rate: 100.00%

Step 21: Accepted move
New variance: 0.001461
Acceptance rate: 100.00%

Step 22: Accepted move
New variance: 0.001245
Acceptance rate: 100.00%

Step 23: Accepted move
New variance: 0.001195
Acceptance rate: 100.00%

Step 24: Accepted move
New variance: 0.001613
Acceptance rate: 100.00%

Stopping: No improvement for 25 steps

Optimization complete:
Best variance: 0.279779
Accepted moves: 25/25 (100.00%)
Trajectory saved to: ../../data/zr-w-v-ti-cr/gen_4_2024-11-13/aa_results/batch_7/psfc_neb_4_structure_4981_step_0_adversarial.xyz

Optimizing structure: vac_structure_1478_step_0
Initial variance: 0.279561

Step 0: Accepted move
New variance: 0.008169
Acceptance rate: 100.00%

Step 1: Accepted move
New variance: 0.004917
Acceptance rate: 100.00%

Step 2: Accepted move
New variance: 0.004674
Acceptance rate: 100.00%

Step 3: Accepted move
New variance: 0.003028
Acceptance rate: 100.00%

Step 4: Accepted move
New variance: 0.003547
Acceptance rate: 100.00%

Step 5: Accepted move
New variance: 0.002276
Acceptance rate: 100.00%

Step 6: Accepted move
New variance: 0.003140
Acceptance rate: 100.00%

Step 7: Accepted move
New variance: 0.003031
Acceptance rate: 100.00%

Step 8: Accepted move
New variance: 0.002814
Acceptance rate: 100.00%

Step 9: Accepted move
New variance: 0.002018
Acceptance rate: 100.00%

Step 10: Accepted move
New variance: 0.002677
Acceptance rate: 100.00%

Step 11: Accepted move
New variance: 0.002197
Acceptance rate: 100.00%

Step 12: Accepted move
New variance: 0.001894
Acceptance rate: 100.00%

Step 13: Accepted move
New variance: 0.001897
Acceptance rate: 100.00%

Step 14: Accepted move
New variance: 0.001674
Acceptance rate: 100.00%

Step 15: Accepted move
New variance: 0.002196
Acceptance rate: 100.00%

Step 16: Accepted move
New variance: 0.001614
Acceptance rate: 100.00%

Step 17: Accepted move
New variance: 0.001732
Acceptance rate: 100.00%

Step 18: Accepted move
New variance: 0.001586
Acceptance rate: 100.00%

Step 19: Accepted move
New variance: 0.001737
Acceptance rate: 100.00%

Step 20: Accepted move
New variance: 0.001415
Acceptance rate: 100.00%

Step 21: Accepted move
New variance: 0.004325
Acceptance rate: 100.00%

Step 22: Accepted move
New variance: 0.002314
Acceptance rate: 100.00%

Step 23: Accepted move
New variance: 0.002009
Acceptance rate: 100.00%

Step 24: Accepted move
New variance: 0.002690
Acceptance rate: 100.00%

Stopping: No improvement for 25 steps

Optimization complete:
Best variance: 0.279561
Accepted moves: 25/25 (100.00%)
Trajectory saved to: ../../data/zr-w-v-ti-cr/gen_4_2024-11-13/aa_results/batch_7/vac_structure_1478_step_0_adversarial.xyz
