Running committee mace with 6 models
Loading structures...
Calculating force variances...

Variance Summary:
Mean variance: 0.288040
Max variance: 0.288623
Min variance: 0.287346

Selected 5 structures for adversarial attacks:
neb_17_structure_5116_step_0: 0.288623
vac_structure_1054_step_0: 0.288525
vac_3_structure_1275_step_0: 0.287860
neb_37_structure_5415_step_0: 0.287846
neb_structure_5496_step_0: 0.287346
Running committee mace with 6 models

Running adversarial attacks...

Optimizing structure: neb_17_structure_5116_step_0
Initial variance: 0.288623

Step 0: Accepted move
New variance: 0.004245
Acceptance rate: 100.00%

Step 1: Accepted move
New variance: 0.004008
Acceptance rate: 100.00%

Step 2: Accepted move
New variance: 0.004895
Acceptance rate: 100.00%

Step 3: Accepted move
New variance: 0.002518
Acceptance rate: 100.00%

Step 4: Accepted move
New variance: 0.002500
Acceptance rate: 100.00%

Step 5: Accepted move
New variance: 0.002020
Acceptance rate: 100.00%

Step 6: Accepted move
New variance: 0.001569
Acceptance rate: 100.00%

Step 7: Accepted move
New variance: 0.001510
Acceptance rate: 100.00%

Step 8: Accepted move
New variance: 0.001435
Acceptance rate: 100.00%

Step 9: Accepted move
New variance: 0.001200
Acceptance rate: 100.00%

Step 10: Accepted move
New variance: 0.001365
Acceptance rate: 100.00%

Step 11: Accepted move
New variance: 0.001209
Acceptance rate: 100.00%

Step 12: Accepted move
New variance: 0.001173
Acceptance rate: 100.00%

Step 13: Accepted move
New variance: 0.001102
Acceptance rate: 100.00%

Step 14: Accepted move
New variance: 0.001483
Acceptance rate: 100.00%

Step 15: Accepted move
New variance: 0.001577
Acceptance rate: 100.00%

Step 16: Accepted move
New variance: 0.001228
Acceptance rate: 100.00%

Step 17: Accepted move
New variance: 0.001243
Acceptance rate: 100.00%

Step 18: Accepted move
New variance: 0.001116
Acceptance rate: 100.00%

Step 19: Accepted move
New variance: 0.000995
Acceptance rate: 100.00%

Step 20: Accepted move
New variance: 0.001295
Acceptance rate: 100.00%

Step 21: Accepted move
New variance: 0.001591
Acceptance rate: 100.00%

Step 22: Accepted move
New variance: 0.001602
Acceptance rate: 100.00%

Step 23: Accepted move
New variance: 0.001911
Acceptance rate: 100.00%

Step 24: Accepted move
New variance: 0.002814
Acceptance rate: 100.00%

Stopping: No improvement for 25 steps

Optimization complete:
Best variance: 0.288624
Accepted moves: 25/25 (100.00%)
Trajectory saved to: ../../data/zr-w-v-ti-cr/gen_4_2024-11-13/aa_results/batch_2/neb_17_structure_5116_step_0_adversarial.xyz

Optimizing structure: vac_structure_1054_step_0
Initial variance: 0.288525

Step 0: Accepted move
New variance: 0.003847
Acceptance rate: 100.00%

Step 1: Accepted move
New variance: 0.002198
Acceptance rate: 100.00%

Step 2: Accepted move
New variance: 0.002161
Acceptance rate: 100.00%

Step 3: Accepted move
New variance: 0.001554
Acceptance rate: 100.00%

Step 4: Accepted move
New variance: 0.001356
Acceptance rate: 100.00%

Step 5: Accepted move
New variance: 0.001214
Acceptance rate: 100.00%

Step 6: Accepted move
New variance: 0.002009
Acceptance rate: 100.00%

Step 7: Accepted move
New variance: 0.001048
Acceptance rate: 100.00%

Step 8: Accepted move
New variance: 0.000746
Acceptance rate: 100.00%

Step 9: Accepted move
New variance: 0.000770
Acceptance rate: 100.00%

Step 10: Accepted move
New variance: 0.000683
Acceptance rate: 100.00%

Step 11: Accepted move
New variance: 0.000784
Acceptance rate: 100.00%

Step 12: Accepted move
New variance: 0.000769
Acceptance rate: 100.00%

Step 13: Accepted move
New variance: 0.001380
Acceptance rate: 100.00%

Step 14: Accepted move
New variance: 0.000945
Acceptance rate: 100.00%

Step 15: Accepted move
New variance: 0.000894
Acceptance rate: 100.00%

Step 16: Accepted move
New variance: 0.000946
Acceptance rate: 100.00%

Step 17: Accepted move
New variance: 0.001192
Acceptance rate: 100.00%

Step 18: Accepted move
New variance: 0.001332
Acceptance rate: 100.00%

Step 19: Accepted move
New variance: 0.001034
Acceptance rate: 100.00%

Step 20: Accepted move
New variance: 0.001178
Acceptance rate: 100.00%

Step 21: Accepted move
New variance: 0.001507
Acceptance rate: 100.00%

Step 22: Accepted move
New variance: 0.001274
Acceptance rate: 100.00%

Step 23: Accepted move
New variance: 0.001472
Acceptance rate: 100.00%

Step 24: Accepted move
New variance: 0.001411
Acceptance rate: 100.00%

Stopping: No improvement for 25 steps

Optimization complete:
Best variance: 0.288525
Accepted moves: 25/25 (100.00%)
Trajectory saved to: ../../data/zr-w-v-ti-cr/gen_4_2024-11-13/aa_results/batch_2/vac_structure_1054_step_0_adversarial.xyz

Optimizing structure: vac_3_structure_1275_step_0
Initial variance: 0.287860

Step 0: Accepted move
New variance: 0.005643
Acceptance rate: 100.00%

Step 1: Accepted move
New variance: 0.003685
Acceptance rate: 100.00%

Step 2: Accepted move
New variance: 0.003313
Acceptance rate: 100.00%

Step 3: Accepted move
New variance: 0.002971
Acceptance rate: 100.00%

Step 4: Accepted move
New variance: 0.001817
Acceptance rate: 100.00%

Step 5: Accepted move
New variance: 0.002988
Acceptance rate: 100.00%

Step 6: Accepted move
New variance: 0.001823
Acceptance rate: 100.00%

Step 7: Accepted move
New variance: 0.001624
Acceptance rate: 100.00%

Step 8: Accepted move
New variance: 0.001417
Acceptance rate: 100.00%

Step 9: Accepted move
New variance: 0.001480
Acceptance rate: 100.00%

Step 10: Accepted move
New variance: 0.003216
Acceptance rate: 100.00%

Step 11: Accepted move
New variance: 0.001347
Acceptance rate: 100.00%

Step 12: Accepted move
New variance: 0.001535
Acceptance rate: 100.00%

Step 13: Accepted move
New variance: 0.003346
Acceptance rate: 100.00%

Step 14: Accepted move
New variance: 0.001525
Acceptance rate: 100.00%

Step 15: Accepted move
New variance: 0.001039
Acceptance rate: 100.00%

Step 16: Accepted move
New variance: 0.001011
Acceptance rate: 100.00%

Step 17: Accepted move
New variance: 0.001238
Acceptance rate: 100.00%

Step 18: Accepted move
New variance: 0.001246
Acceptance rate: 100.00%

Step 19: Accepted move
New variance: 0.001083
Acceptance rate: 100.00%

Step 20: Accepted move
New variance: 0.000929
Acceptance rate: 100.00%

Step 21: Accepted move
New variance: 0.000994
Acceptance rate: 100.00%

Step 22: Accepted move
New variance: 0.000954
Acceptance rate: 100.00%

Step 23: Accepted move
New variance: 0.000981
Acceptance rate: 100.00%

Step 24: Accepted move
New variance: 0.001263
Acceptance rate: 100.00%

Stopping: No improvement for 25 steps

Optimization complete:
Best variance: 0.287860
Accepted moves: 25/25 (100.00%)
Trajectory saved to: ../../data/zr-w-v-ti-cr/gen_4_2024-11-13/aa_results/batch_2/vac_3_structure_1275_step_0_adversarial.xyz

Optimizing structure: neb_37_structure_5415_step_0
Initial variance: 0.287846

Step 0: Accepted move
New variance: 0.005286
Acceptance rate: 100.00%

Step 1: Accepted move
New variance: 0.002767
Acceptance rate: 100.00%

Step 2: Accepted move
New variance: 0.001698
Acceptance rate: 100.00%

Step 3: Accepted move
New variance: 0.002568
Acceptance rate: 100.00%

Step 4: Accepted move
New variance: 0.002312
Acceptance rate: 100.00%

Step 5: Accepted move
New variance: 0.002502
Acceptance rate: 100.00%

Step 6: Accepted move
New variance: 0.001892
Acceptance rate: 100.00%

Step 7: Accepted move
New variance: 0.001348
Acceptance rate: 100.00%

Step 8: Accepted move
New variance: 0.001521
Acceptance rate: 100.00%

Step 9: Accepted move
New variance: 0.001303
Acceptance rate: 100.00%

Step 10: Accepted move
New variance: 0.001363
Acceptance rate: 100.00%

Step 11: Accepted move
New variance: 0.001324
Acceptance rate: 100.00%

Step 12: Accepted move
New variance: 0.001083
Acceptance rate: 100.00%

Step 13: Accepted move
New variance: 0.001552
Acceptance rate: 100.00%

Step 14: Accepted move
New variance: 0.001846
Acceptance rate: 100.00%

Step 15: Accepted move
New variance: 0.001207
Acceptance rate: 100.00%

Step 16: Accepted move
New variance: 0.001405
Acceptance rate: 100.00%

Step 17: Accepted move
New variance: 0.001863
Acceptance rate: 100.00%

Step 18: Accepted move
New variance: 0.001732
Acceptance rate: 100.00%

Step 19: Accepted move
New variance: 0.002154
Acceptance rate: 100.00%

Step 20: Accepted move
New variance: 0.001865
Acceptance rate: 100.00%

Step 21: Accepted move
New variance: 0.001455
Acceptance rate: 100.00%

Step 22: Accepted move
New variance: 0.001722
Acceptance rate: 100.00%

Step 23: Accepted move
New variance: 0.001963
Acceptance rate: 100.00%

Step 24: Accepted move
New variance: 0.004699
Acceptance rate: 100.00%

Stopping: No improvement for 25 steps

Optimization complete:
Best variance: 0.287847
Accepted moves: 25/25 (100.00%)
Trajectory saved to: ../../data/zr-w-v-ti-cr/gen_4_2024-11-13/aa_results/batch_2/neb_37_structure_5415_step_0_adversarial.xyz

Optimizing structure: neb_structure_5496_step_0
Initial variance: 0.287346

Step 0: Accepted move
New variance: 0.005438
Acceptance rate: 100.00%

Step 1: Accepted move
New variance: 0.003419
Acceptance rate: 100.00%

Step 2: Accepted move
New variance: 0.003216
Acceptance rate: 100.00%

Step 3: Accepted move
New variance: 0.002776
Acceptance rate: 100.00%

Step 4: Accepted move
New variance: 0.003730
Acceptance rate: 100.00%

Step 5: Accepted move
New variance: 0.002494
Acceptance rate: 100.00%

Step 6: Accepted move
New variance: 0.002108
Acceptance rate: 100.00%

Step 7: Accepted move
New variance: 0.001998
Acceptance rate: 100.00%

Step 8: Accepted move
New variance: 0.002189
Acceptance rate: 100.00%

Step 9: Accepted move
New variance: 0.001690
Acceptance rate: 100.00%

Step 10: Accepted move
New variance: 0.001351
Acceptance rate: 100.00%

Step 11: Accepted move
New variance: 0.001707
Acceptance rate: 100.00%

Step 12: Accepted move
New variance: 0.001177
Acceptance rate: 100.00%

Step 13: Accepted move
New variance: 0.002005
Acceptance rate: 100.00%

Step 14: Accepted move
New variance: 0.001377
Acceptance rate: 100.00%

Step 15: Accepted move
New variance: 0.001468
Acceptance rate: 100.00%

Step 16: Accepted move
New variance: 0.002144
Acceptance rate: 100.00%

Step 17: Accepted move
New variance: 0.001296
Acceptance rate: 100.00%

Step 18: Accepted move
New variance: 0.001138
Acceptance rate: 100.00%

Step 19: Accepted move
New variance: 0.001391
Acceptance rate: 100.00%

Step 20: Accepted move
New variance: 0.001810
Acceptance rate: 100.00%

Step 21: Accepted move
New variance: 0.002477
Acceptance rate: 100.00%

Step 22: Accepted move
New variance: 0.001293
Acceptance rate: 100.00%

Step 23: Accepted move
New variance: 0.001834
Acceptance rate: 100.00%

Step 24: Accepted move
New variance: 0.001295
Acceptance rate: 100.00%

Stopping: No improvement for 25 steps

Optimization complete:
Best variance: 0.287346
Accepted moves: 25/25 (100.00%)
Trajectory saved to: ../../data/zr-w-v-ti-cr/gen_4_2024-11-13/aa_results/batch_2/neb_structure_5496_step_0_adversarial.xyz
