Running committee mace with 6 models
Loading structures...
Calculating force variances...

Variance Summary:
Mean variance: 0.275243
Max variance: 0.275520
Min variance: 0.275061

Selected 5 structures for adversarial attacks:
neb_unfinished_fin_structure_930_step_0: 0.275520
vac_structure_1298_step_0: 0.275343
neb_structure_5632_step_0: 0.275154
vac_structure_425_step_0: 0.275134
neb_unfinished_fin_structure_1801_step_0: 0.275061
Running committee mace with 6 models

Running adversarial attacks...

Optimizing structure: neb_unfinished_fin_structure_930_step_0
Initial variance: 0.275520

Step 0: Accepted move
New variance: 0.003713
Acceptance rate: 100.00%

Step 1: Accepted move
New variance: 0.002958
Acceptance rate: 100.00%

Step 2: Accepted move
New variance: 0.001509
Acceptance rate: 100.00%

Step 3: Accepted move
New variance: 0.001642
Acceptance rate: 100.00%

Step 4: Accepted move
New variance: 0.006446
Acceptance rate: 100.00%

Step 5: Accepted move
New variance: 0.001316
Acceptance rate: 100.00%

Step 6: Accepted move
New variance: 0.001128
Acceptance rate: 100.00%

Step 7: Accepted move
New variance: 0.000933
Acceptance rate: 100.00%

Step 8: Accepted move
New variance: 0.001283
Acceptance rate: 100.00%

Step 9: Accepted move
New variance: 0.001104
Acceptance rate: 100.00%

Step 10: Accepted move
New variance: 0.001076
Acceptance rate: 100.00%

Step 11: Accepted move
New variance: 0.001060
Acceptance rate: 100.00%

Step 12: Accepted move
New variance: 0.001246
Acceptance rate: 100.00%

Step 13: Accepted move
New variance: 0.000999
Acceptance rate: 100.00%

Step 14: Accepted move
New variance: 0.001107
Acceptance rate: 100.00%

Step 15: Accepted move
New variance: 0.002377
Acceptance rate: 100.00%

Step 16: Accepted move
New variance: 0.001059
Acceptance rate: 100.00%

Step 17: Accepted move
New variance: 0.001079
Acceptance rate: 100.00%

Step 18: Accepted move
New variance: 0.001112
Acceptance rate: 100.00%

Step 19: Accepted move
New variance: 0.001085
Acceptance rate: 100.00%

Step 20: Accepted move
New variance: 0.001179
Acceptance rate: 100.00%

Step 21: Accepted move
New variance: 0.001165
Acceptance rate: 100.00%

Step 22: Accepted move
New variance: 0.001142
Acceptance rate: 100.00%

Step 23: Accepted move
New variance: 0.001688
Acceptance rate: 100.00%

Step 24: Accepted move
New variance: 0.002464
Acceptance rate: 100.00%

Stopping: No improvement for 25 steps

Optimization complete:
Best variance: 0.275520
Accepted moves: 25/25 (100.00%)
Trajectory saved to: ../../data/zr-w-v-ti-cr/gen_4_2024-11-13/aa_results/batch_13/neb_unfinished_fin_structure_930_step_0_adversarial.xyz

Optimizing structure: vac_structure_1298_step_0
Initial variance: 0.275343

Step 0: Accepted move
New variance: 0.006242
Acceptance rate: 100.00%

Step 1: Accepted move
New variance: 0.004094
Acceptance rate: 100.00%

Step 2: Accepted move
New variance: 0.002163
Acceptance rate: 100.00%

Step 3: Accepted move
New variance: 0.001510
Acceptance rate: 100.00%

Step 4: Accepted move
New variance: 0.001110
Acceptance rate: 100.00%

Step 5: Accepted move
New variance: 0.001381
Acceptance rate: 100.00%

Step 6: Accepted move
New variance: 0.001003
Acceptance rate: 100.00%

Step 7: Accepted move
New variance: 0.000893
Acceptance rate: 100.00%

Step 8: Accepted move
New variance: 0.001019
Acceptance rate: 100.00%

Step 9: Accepted move
New variance: 0.001578
Acceptance rate: 100.00%

Step 10: Accepted move
New variance: 0.001944
Acceptance rate: 100.00%

Step 11: Accepted move
New variance: 0.000879
Acceptance rate: 100.00%

Step 12: Accepted move
New variance: 0.001858
Acceptance rate: 100.00%

Step 13: Accepted move
New variance: 0.000923
Acceptance rate: 100.00%

Step 14: Accepted move
New variance: 0.001704
Acceptance rate: 100.00%

Step 15: Accepted move
New variance: 0.000921
Acceptance rate: 100.00%

Step 16: Accepted move
New variance: 0.001244
Acceptance rate: 100.00%

Step 17: Accepted move
New variance: 0.001338
Acceptance rate: 100.00%

Step 18: Accepted move
New variance: 0.001111
Acceptance rate: 100.00%

Step 19: Accepted move
New variance: 0.001105
Acceptance rate: 100.00%

Step 20: Accepted move
New variance: 0.001407
Acceptance rate: 100.00%

Step 21: Accepted move
New variance: 0.001263
Acceptance rate: 100.00%

Step 22: Accepted move
New variance: 0.000950
Acceptance rate: 100.00%

Step 23: Accepted move
New variance: 0.002054
Acceptance rate: 100.00%

Step 24: Accepted move
New variance: 0.000996
Acceptance rate: 100.00%

Stopping: No improvement for 25 steps

Optimization complete:
Best variance: 0.275343
Accepted moves: 25/25 (100.00%)
Trajectory saved to: ../../data/zr-w-v-ti-cr/gen_4_2024-11-13/aa_results/batch_13/vac_structure_1298_step_0_adversarial.xyz

Optimizing structure: neb_structure_5632_step_0
Initial variance: 0.275154

Step 0: Accepted move
New variance: 0.006334
Acceptance rate: 100.00%

Step 1: Accepted move
New variance: 0.003051
Acceptance rate: 100.00%

Step 2: Accepted move
New variance: 0.002646
Acceptance rate: 100.00%

Step 3: Accepted move
New variance: 0.003054
Acceptance rate: 100.00%

Step 4: Accepted move
New variance: 0.003637
Acceptance rate: 100.00%

Step 5: Accepted move
New variance: 0.001604
Acceptance rate: 100.00%

Step 6: Accepted move
New variance: 0.001571
Acceptance rate: 100.00%

Step 7: Accepted move
New variance: 0.001362
Acceptance rate: 100.00%

Step 8: Accepted move
New variance: 0.001308
Acceptance rate: 100.00%

Step 9: Accepted move
New variance: 0.001488
Acceptance rate: 100.00%

Step 10: Accepted move
New variance: 0.001751
Acceptance rate: 100.00%

Step 11: Accepted move
New variance: 0.001488
Acceptance rate: 100.00%

Step 12: Accepted move
New variance: 0.001230
Acceptance rate: 100.00%

Step 13: Accepted move
New variance: 0.002603
Acceptance rate: 100.00%

Step 14: Accepted move
New variance: 0.001110
Acceptance rate: 100.00%

Step 15: Accepted move
New variance: 0.001085
Acceptance rate: 100.00%

Step 16: Accepted move
New variance: 0.001498
Acceptance rate: 100.00%

Step 17: Accepted move
New variance: 0.001546
Acceptance rate: 100.00%

Step 18: Accepted move
New variance: 0.001321
Acceptance rate: 100.00%

Step 19: Accepted move
New variance: 0.001527
Acceptance rate: 100.00%

Step 20: Accepted move
New variance: 0.001319
Acceptance rate: 100.00%

Step 21: Accepted move
New variance: 0.001644
Acceptance rate: 100.00%

Step 22: Accepted move
New variance: 0.002268
Acceptance rate: 100.00%

Step 23: Accepted move
New variance: 0.001865
Acceptance rate: 100.00%

Step 24: Accepted move
New variance: 0.002471
Acceptance rate: 100.00%

Stopping: No improvement for 25 steps

Optimization complete:
Best variance: 0.275154
Accepted moves: 25/25 (100.00%)
Trajectory saved to: ../../data/zr-w-v-ti-cr/gen_4_2024-11-13/aa_results/batch_13/neb_structure_5632_step_0_adversarial.xyz

Optimizing structure: vac_structure_425_step_0
Initial variance: 0.275134

Step 0: Accepted move
New variance: 0.006661
Acceptance rate: 100.00%

Step 1: Accepted move
New variance: 0.003919
Acceptance rate: 100.00%

Step 2: Accepted move
New variance: 0.004235
Acceptance rate: 100.00%

Step 3: Accepted move
New variance: 0.002262
Acceptance rate: 100.00%

Step 4: Accepted move
New variance: 0.001822
Acceptance rate: 100.00%

Step 5: Accepted move
New variance: 0.001531
Acceptance rate: 100.00%

Step 6: Accepted move
New variance: 0.001693
Acceptance rate: 100.00%

Step 7: Accepted move
New variance: 0.001227
Acceptance rate: 100.00%

Step 8: Accepted move
New variance: 0.001035
Acceptance rate: 100.00%

Step 9: Accepted move
New variance: 0.001192
Acceptance rate: 100.00%

Step 10: Accepted move
New variance: 0.001408
Acceptance rate: 100.00%

Step 11: Accepted move
New variance: 0.000958
Acceptance rate: 100.00%

Step 12: Accepted move
New variance: 0.000925
Acceptance rate: 100.00%

Step 13: Accepted move
New variance: 0.000917
Acceptance rate: 100.00%

Step 14: Accepted move
New variance: 0.000788
Acceptance rate: 100.00%

Step 15: Accepted move
New variance: 0.000980
Acceptance rate: 100.00%

Step 16: Accepted move
New variance: 0.001081
Acceptance rate: 100.00%

Step 17: Accepted move
New variance: 0.001021
Acceptance rate: 100.00%

Step 18: Accepted move
New variance: 0.001067
Acceptance rate: 100.00%

Step 19: Accepted move
New variance: 0.001005
Acceptance rate: 100.00%

Step 20: Accepted move
New variance: 0.000982
Acceptance rate: 100.00%

Step 21: Accepted move
New variance: 0.001118
Acceptance rate: 100.00%

Step 22: Accepted move
New variance: 0.001344
Acceptance rate: 100.00%

Step 23: Accepted move
New variance: 0.001360
Acceptance rate: 100.00%

Step 24: Accepted move
New variance: 0.001119
Acceptance rate: 100.00%

Stopping: No improvement for 25 steps

Optimization complete:
Best variance: 0.275134
Accepted moves: 25/25 (100.00%)
Trajectory saved to: ../../data/zr-w-v-ti-cr/gen_4_2024-11-13/aa_results/batch_13/vac_structure_425_step_0_adversarial.xyz

Optimizing structure: neb_unfinished_fin_structure_1801_step_0
Initial variance: 0.275061

Step 0: Accepted move
New variance: 0.004799
Acceptance rate: 100.00%

Step 1: Accepted move
New variance: 0.002128
Acceptance rate: 100.00%

Step 2: Accepted move
New variance: 0.002367
Acceptance rate: 100.00%

Step 3: Accepted move
New variance: 0.001512
Acceptance rate: 100.00%

Step 4: Accepted move
New variance: 0.001546
Acceptance rate: 100.00%

Step 5: Accepted move
New variance: 0.001035
Acceptance rate: 100.00%

Step 6: Accepted move
New variance: 0.001228
Acceptance rate: 100.00%

Step 7: Accepted move
New variance: 0.001471
Acceptance rate: 100.00%

Step 8: Accepted move
New variance: 0.001097
Acceptance rate: 100.00%

Step 9: Accepted move
New variance: 0.001066
Acceptance rate: 100.00%

Step 10: Accepted move
New variance: 0.000865
Acceptance rate: 100.00%

Step 11: Accepted move
New variance: 0.001115
Acceptance rate: 100.00%

Step 12: Accepted move
New variance: 0.001707
Acceptance rate: 100.00%

Step 13: Accepted move
New variance: 0.001853
Acceptance rate: 100.00%

Step 14: Accepted move
New variance: 0.001261
Acceptance rate: 100.00%

Step 15: Accepted move
New variance: 0.001578
Acceptance rate: 100.00%

Step 16: Accepted move
New variance: 0.001058
Acceptance rate: 100.00%

Step 17: Accepted move
New variance: 0.000988
Acceptance rate: 100.00%

Step 18: Accepted move
New variance: 0.001048
Acceptance rate: 100.00%

Step 19: Accepted move
New variance: 0.001284
Acceptance rate: 100.00%

Step 20: Accepted move
New variance: 0.001263
Acceptance rate: 100.00%

Step 21: Accepted move
New variance: 0.001030
Acceptance rate: 100.00%

Step 22: Accepted move
New variance: 0.000981
Acceptance rate: 100.00%

Step 23: Accepted move
New variance: 0.000885
Acceptance rate: 100.00%

Step 24: Accepted move
New variance: 0.001015
Acceptance rate: 100.00%

Stopping: No improvement for 25 steps

Optimization complete:
Best variance: 0.275061
Accepted moves: 25/25 (100.00%)
Trajectory saved to: ../../data/zr-w-v-ti-cr/gen_4_2024-11-13/aa_results/batch_13/neb_unfinished_fin_structure_1801_step_0_adversarial.xyz
