Running committee mace with 6 models
Loading structures...
Calculating force variances...

Variance Summary:
Mean variance: 0.270971
Max variance: 0.271035
Min variance: 0.270808

Selected 5 structures for adversarial attacks:
vac_structure_1689_step_0: 0.271035
neb_structure_633_step_0: 0.271029
psfc_neb_4_structure_4908_step_0: 0.271001
neb_17_structure_5834_step_0: 0.270980
psfc_neb_6_structure_4130_step_0: 0.270808
Running committee mace with 6 models

Running adversarial attacks...

Optimizing structure: vac_structure_1689_step_0
Initial variance: 0.271035

Step 0: Accepted move
New variance: 0.004987
Acceptance rate: 100.00%

Step 1: Accepted move
New variance: 0.003103
Acceptance rate: 100.00%

Step 2: Accepted move
New variance: 0.001962
Acceptance rate: 100.00%

Step 3: Accepted move
New variance: 0.001760
Acceptance rate: 100.00%

Step 4: Accepted move
New variance: 0.001057
Acceptance rate: 100.00%

Step 5: Accepted move
New variance: 0.001212
Acceptance rate: 100.00%

Step 6: Accepted move
New variance: 0.001113
Acceptance rate: 100.00%

Step 7: Accepted move
New variance: 0.001005
Acceptance rate: 100.00%

Step 8: Accepted move
New variance: 0.001474
Acceptance rate: 100.00%

Step 9: Accepted move
New variance: 0.001104
Acceptance rate: 100.00%

Step 10: Accepted move
New variance: 0.001527
Acceptance rate: 100.00%

Step 11: Accepted move
New variance: 0.001163
Acceptance rate: 100.00%

Step 12: Accepted move
New variance: 0.001441
Acceptance rate: 100.00%

Step 13: Accepted move
New variance: 0.001088
Acceptance rate: 100.00%

Step 14: Accepted move
New variance: 0.001100
Acceptance rate: 100.00%

Step 15: Accepted move
New variance: 0.001144
Acceptance rate: 100.00%

Step 16: Accepted move
New variance: 0.001518
Acceptance rate: 100.00%

Step 17: Accepted move
New variance: 0.001186
Acceptance rate: 100.00%

Step 18: Accepted move
New variance: 0.001126
Acceptance rate: 100.00%

Step 19: Accepted move
New variance: 0.001060
Acceptance rate: 100.00%

Step 20: Accepted move
New variance: 0.001081
Acceptance rate: 100.00%

Step 21: Accepted move
New variance: 0.001197
Acceptance rate: 100.00%

Step 22: Accepted move
New variance: 0.001142
Acceptance rate: 100.00%

Step 23: Accepted move
New variance: 0.001099
Acceptance rate: 100.00%

Step 24: Accepted move
New variance: 0.001069
Acceptance rate: 100.00%

Stopping: No improvement for 25 steps

Optimization complete:
Best variance: 0.271035
Accepted moves: 25/25 (100.00%)
Trajectory saved to: ../../data/zr-w-v-ti-cr/gen_4_2024-11-13/aa_results/batch_21/vac_structure_1689_step_0_adversarial.xyz

Optimizing structure: neb_structure_633_step_0
Initial variance: 0.271029

Step 0: Accepted move
New variance: 0.010196
Acceptance rate: 100.00%

Step 1: Accepted move
New variance: 0.002866
Acceptance rate: 100.00%

Step 2: Accepted move
New variance: 0.004061
Acceptance rate: 100.00%

Step 3: Accepted move
New variance: 0.003250
Acceptance rate: 100.00%

Step 4: Accepted move
New variance: 0.001905
Acceptance rate: 100.00%

Step 5: Accepted move
New variance: 0.001411
Acceptance rate: 100.00%

Step 6: Accepted move
New variance: 0.001146
Acceptance rate: 100.00%

Step 7: Accepted move
New variance: 0.001023
Acceptance rate: 100.00%

Step 8: Accepted move
New variance: 0.001050
Acceptance rate: 100.00%

Step 9: Accepted move
New variance: 0.001214
Acceptance rate: 100.00%

Step 10: Accepted move
New variance: 0.001592
Acceptance rate: 100.00%

Step 11: Accepted move
New variance: 0.001408
Acceptance rate: 100.00%

Step 12: Accepted move
New variance: 0.001143
Acceptance rate: 100.00%

Step 13: Accepted move
New variance: 0.001047
Acceptance rate: 100.00%

Step 14: Accepted move
New variance: 0.001134
Acceptance rate: 100.00%

Step 15: Accepted move
New variance: 0.001050
Acceptance rate: 100.00%

Step 16: Accepted move
New variance: 0.001012
Acceptance rate: 100.00%

Step 17: Accepted move
New variance: 0.001341
Acceptance rate: 100.00%

Step 18: Accepted move
New variance: 0.001605
Acceptance rate: 100.00%

Step 19: Accepted move
New variance: 0.001257
Acceptance rate: 100.00%

Step 20: Accepted move
New variance: 0.001304
Acceptance rate: 100.00%

Step 21: Accepted move
New variance: 0.004327
Acceptance rate: 100.00%
Warning: Could not generate valid displacement

Step 23: Accepted move
New variance: 0.002149
Acceptance rate: 95.83%

Step 24: Accepted move
New variance: 0.001429
Acceptance rate: 96.00%

Step 25: Accepted move
New variance: 0.001323
Acceptance rate: 96.15%

Stopping: No improvement for 25 steps

Optimization complete:
Best variance: 0.271031
Accepted moves: 25/26 (96.15%)
Trajectory saved to: ../../data/zr-w-v-ti-cr/gen_4_2024-11-13/aa_results/batch_21/neb_structure_633_step_0_adversarial.xyz

Optimizing structure: psfc_neb_4_structure_4908_step_0
Initial variance: 0.271001

Step 0: Accepted move
New variance: 0.005191
Acceptance rate: 100.00%

Step 1: Accepted move
New variance: 0.002927
Acceptance rate: 100.00%

Step 2: Accepted move
New variance: 0.002785
Acceptance rate: 100.00%

Step 3: Accepted move
New variance: 0.002528
Acceptance rate: 100.00%

Step 4: Accepted move
New variance: 0.002937
Acceptance rate: 100.00%

Step 5: Accepted move
New variance: 0.002950
Acceptance rate: 100.00%

Step 6: Accepted move
New variance: 0.001569
Acceptance rate: 100.00%

Step 7: Accepted move
New variance: 0.001625
Acceptance rate: 100.00%

Step 8: Accepted move
New variance: 0.001585
Acceptance rate: 100.00%

Step 9: Accepted move
New variance: 0.001450
Acceptance rate: 100.00%

Step 10: Accepted move
New variance: 0.001161
Acceptance rate: 100.00%

Step 11: Accepted move
New variance: 0.001228
Acceptance rate: 100.00%

Step 12: Accepted move
New variance: 0.001223
Acceptance rate: 100.00%

Step 13: Accepted move
New variance: 0.001539
Acceptance rate: 100.00%

Step 14: Accepted move
New variance: 0.001808
Acceptance rate: 100.00%

Step 15: Accepted move
New variance: 0.002408
Acceptance rate: 100.00%

Step 16: Accepted move
New variance: 0.002181
Acceptance rate: 100.00%

Step 17: Accepted move
New variance: 0.002527
Acceptance rate: 100.00%

Step 18: Accepted move
New variance: 0.002247
Acceptance rate: 100.00%

Step 19: Accepted move
New variance: 0.001622
Acceptance rate: 100.00%

Step 20: Accepted move
New variance: 0.001175
Acceptance rate: 100.00%

Step 21: Accepted move
New variance: 0.001460
Acceptance rate: 100.00%

Step 22: Accepted move
New variance: 0.001286
Acceptance rate: 100.00%

Step 23: Accepted move
New variance: 0.001281
Acceptance rate: 100.00%

Step 24: Accepted move
New variance: 0.001277
Acceptance rate: 100.00%

Stopping: No improvement for 25 steps

Optimization complete:
Best variance: 0.271001
Accepted moves: 25/25 (100.00%)
Trajectory saved to: ../../data/zr-w-v-ti-cr/gen_4_2024-11-13/aa_results/batch_21/psfc_neb_4_structure_4908_step_0_adversarial.xyz

Optimizing structure: neb_17_structure_5834_step_0
Initial variance: 0.270980

Step 0: Accepted move
New variance: 0.005032
Acceptance rate: 100.00%

Step 1: Accepted move
New variance: 0.005465
Acceptance rate: 100.00%

Step 2: Accepted move
New variance: 0.004694
Acceptance rate: 100.00%

Step 3: Accepted move
New variance: 0.003027
Acceptance rate: 100.00%

Step 4: Accepted move
New variance: 0.002534
Acceptance rate: 100.00%

Step 5: Accepted move
New variance: 0.002275
Acceptance rate: 100.00%

Step 6: Accepted move
New variance: 0.001366
Acceptance rate: 100.00%

Step 7: Accepted move
New variance: 0.001654
Acceptance rate: 100.00%

Step 8: Accepted move
New variance: 0.001268
Acceptance rate: 100.00%

Step 9: Accepted move
New variance: 0.001494
Acceptance rate: 100.00%

Step 10: Accepted move
New variance: 0.002663
Acceptance rate: 100.00%

Step 11: Accepted move
New variance: 0.001159
Acceptance rate: 100.00%

Step 12: Accepted move
New variance: 0.001173
Acceptance rate: 100.00%

Step 13: Accepted move
New variance: 0.001296
Acceptance rate: 100.00%

Step 14: Accepted move
New variance: 0.001093
Acceptance rate: 100.00%

Step 15: Accepted move
New variance: 0.001223
Acceptance rate: 100.00%

Step 16: Accepted move
New variance: 0.001277
Acceptance rate: 100.00%

Step 17: Accepted move
New variance: 0.001328
Acceptance rate: 100.00%

Step 18: Accepted move
New variance: 0.001620
Acceptance rate: 100.00%

Step 19: Accepted move
New variance: 0.001657
Acceptance rate: 100.00%

Step 20: Accepted move
New variance: 0.002200
Acceptance rate: 100.00%

Step 21: Accepted move
New variance: 0.001916
Acceptance rate: 100.00%

Step 22: Accepted move
New variance: 0.001870
Acceptance rate: 100.00%

Step 23: Accepted move
New variance: 0.002734
Acceptance rate: 100.00%

Step 24: Accepted move
New variance: 0.002643
Acceptance rate: 100.00%

Stopping: No improvement for 25 steps

Optimization complete:
Best variance: 0.270981
Accepted moves: 25/25 (100.00%)
Trajectory saved to: ../../data/zr-w-v-ti-cr/gen_4_2024-11-13/aa_results/batch_21/neb_17_structure_5834_step_0_adversarial.xyz

Optimizing structure: psfc_neb_6_structure_4130_step_0
Initial variance: 0.270808

Step 0: Accepted move
New variance: 0.005351
Acceptance rate: 100.00%

Step 1: Accepted move
New variance: 0.004034
Acceptance rate: 100.00%

Step 2: Accepted move
New variance: 0.003534
Acceptance rate: 100.00%

Step 3: Accepted move
New variance: 0.002836
Acceptance rate: 100.00%

Step 4: Accepted move
New variance: 0.002299
Acceptance rate: 100.00%

Step 5: Accepted move
New variance: 0.001707
Acceptance rate: 100.00%

Step 6: Accepted move
New variance: 0.001676
Acceptance rate: 100.00%

Step 7: Accepted move
New variance: 0.001212
Acceptance rate: 100.00%

Step 8: Accepted move
New variance: 0.002518
Acceptance rate: 100.00%

Step 9: Accepted move
New variance: 0.001552
Acceptance rate: 100.00%

Step 10: Accepted move
New variance: 0.000962
Acceptance rate: 100.00%

Step 11: Accepted move
New variance: 0.001291
Acceptance rate: 100.00%

Step 12: Accepted move
New variance: 0.001487
Acceptance rate: 100.00%

Step 13: Accepted move
New variance: 0.001609
Acceptance rate: 100.00%

Step 14: Accepted move
New variance: 0.001540
Acceptance rate: 100.00%

Step 15: Accepted move
New variance: 0.001140
Acceptance rate: 100.00%

Step 16: Accepted move
New variance: 0.001495
Acceptance rate: 100.00%

Step 17: Accepted move
New variance: 0.001243
Acceptance rate: 100.00%

Step 18: Accepted move
New variance: 0.000874
Acceptance rate: 100.00%

Step 19: Accepted move
New variance: 0.000827
Acceptance rate: 100.00%

Step 20: Accepted move
New variance: 0.000754
Acceptance rate: 100.00%

Step 21: Accepted move
New variance: 0.000928
Acceptance rate: 100.00%

Step 22: Accepted move
New variance: 0.000931
Acceptance rate: 100.00%

Step 23: Accepted move
New variance: 0.001307
Acceptance rate: 100.00%

Step 24: Accepted move
New variance: 0.001331
Acceptance rate: 100.00%

Stopping: No improvement for 25 steps

Optimization complete:
Best variance: 0.270808
Accepted moves: 25/25 (100.00%)
Trajectory saved to: ../../data/zr-w-v-ti-cr/gen_4_2024-11-13/aa_results/batch_21/psfc_neb_6_structure_4130_step_0_adversarial.xyz
