Running committee mace with 6 models
Loading structures...
Calculating force variances...

Variance Summary:
Mean variance: 0.273426
Max variance: 0.273596
Min variance: 0.273238

Selected 5 structures for adversarial attacks:
vac_structure_401_step_0: 0.273596
vac_structure_1829_step_0: 0.273542
neb_21_structure_4857_step_0: 0.273505
vac_structure_853_step_0: 0.273251
vac_structure_1446_step_0: 0.273238
Running committee mace with 6 models

Running adversarial attacks...

Optimizing structure: vac_structure_401_step_0
Initial variance: 0.273596

Step 0: Accepted move
New variance: 0.008353
Acceptance rate: 100.00%

Step 1: Accepted move
New variance: 0.005592
Acceptance rate: 100.00%

Step 2: Accepted move
New variance: 0.002554
Acceptance rate: 100.00%

Step 3: Accepted move
New variance: 0.002042
Acceptance rate: 100.00%

Step 4: Accepted move
New variance: 0.001747
Acceptance rate: 100.00%

Step 5: Accepted move
New variance: 0.001199
Acceptance rate: 100.00%

Step 6: Accepted move
New variance: 0.001156
Acceptance rate: 100.00%

Step 7: Accepted move
New variance: 0.001154
Acceptance rate: 100.00%

Step 8: Accepted move
New variance: 0.001008
Acceptance rate: 100.00%

Step 9: Accepted move
New variance: 0.001046
Acceptance rate: 100.00%

Step 10: Accepted move
New variance: 0.001465
Acceptance rate: 100.00%

Step 11: Accepted move
New variance: 0.001517
Acceptance rate: 100.00%

Step 12: Accepted move
New variance: 0.001209
Acceptance rate: 100.00%

Step 13: Accepted move
New variance: 0.001069
Acceptance rate: 100.00%

Step 14: Accepted move
New variance: 0.001098
Acceptance rate: 100.00%

Step 15: Accepted move
New variance: 0.001421
Acceptance rate: 100.00%

Step 16: Accepted move
New variance: 0.001038
Acceptance rate: 100.00%

Step 17: Accepted move
New variance: 0.000847
Acceptance rate: 100.00%

Step 18: Accepted move
New variance: 0.000907
Acceptance rate: 100.00%

Step 19: Accepted move
New variance: 0.001059
Acceptance rate: 100.00%

Step 20: Accepted move
New variance: 0.001565
Acceptance rate: 100.00%

Step 21: Accepted move
New variance: 0.001035
Acceptance rate: 100.00%

Step 22: Accepted move
New variance: 0.001115
Acceptance rate: 100.00%

Step 23: Accepted move
New variance: 0.001384
Acceptance rate: 100.00%

Step 24: Accepted move
New variance: 0.001560
Acceptance rate: 100.00%

Stopping: No improvement for 25 steps

Optimization complete:
Best variance: 0.273595
Accepted moves: 25/25 (100.00%)
Trajectory saved to: ../../data/zr-w-v-ti-cr/gen_4_2024-11-13/aa_results/batch_16/vac_structure_401_step_0_adversarial.xyz

Optimizing structure: vac_structure_1829_step_0
Initial variance: 0.273542

Step 0: Accepted move
New variance: 0.008280
Acceptance rate: 100.00%

Step 1: Accepted move
New variance: 0.002710
Acceptance rate: 100.00%

Step 2: Accepted move
New variance: 0.002678
Acceptance rate: 100.00%

Step 3: Accepted move
New variance: 0.002255
Acceptance rate: 100.00%

Step 4: Accepted move
New variance: 0.002103
Acceptance rate: 100.00%

Step 5: Accepted move
New variance: 0.001528
Acceptance rate: 100.00%

Step 6: Accepted move
New variance: 0.001472
Acceptance rate: 100.00%

Step 7: Accepted move
New variance: 0.000917
Acceptance rate: 100.00%

Step 8: Accepted move
New variance: 0.000898
Acceptance rate: 100.00%

Step 9: Accepted move
New variance: 0.000720
Acceptance rate: 100.00%

Step 10: Accepted move
New variance: 0.001087
Acceptance rate: 100.00%

Step 11: Accepted move
New variance: 0.000804
Acceptance rate: 100.00%

Step 12: Accepted move
New variance: 0.000764
Acceptance rate: 100.00%

Step 13: Accepted move
New variance: 0.000965
Acceptance rate: 100.00%

Step 14: Accepted move
New variance: 0.001018
Acceptance rate: 100.00%

Step 15: Accepted move
New variance: 0.002463
Acceptance rate: 100.00%

Step 16: Accepted move
New variance: 0.000966
Acceptance rate: 100.00%

Step 17: Accepted move
New variance: 0.000991
Acceptance rate: 100.00%

Step 18: Accepted move
New variance: 0.001083
Acceptance rate: 100.00%

Step 19: Accepted move
New variance: 0.001479
Acceptance rate: 100.00%

Step 20: Accepted move
New variance: 0.001167
Acceptance rate: 100.00%

Step 21: Accepted move
New variance: 0.000824
Acceptance rate: 100.00%

Step 22: Accepted move
New variance: 0.001000
Acceptance rate: 100.00%

Step 23: Accepted move
New variance: 0.000853
Acceptance rate: 100.00%

Step 24: Accepted move
New variance: 0.001202
Acceptance rate: 100.00%

Stopping: No improvement for 25 steps

Optimization complete:
Best variance: 0.273542
Accepted moves: 25/25 (100.00%)
Trajectory saved to: ../../data/zr-w-v-ti-cr/gen_4_2024-11-13/aa_results/batch_16/vac_structure_1829_step_0_adversarial.xyz

Optimizing structure: neb_21_structure_4857_step_0
Initial variance: 0.273505

Step 0: Accepted move
New variance: 0.006024
Acceptance rate: 100.00%

Step 1: Accepted move
New variance: 0.006259
Acceptance rate: 100.00%

Step 2: Accepted move
New variance: 0.003550
Acceptance rate: 100.00%

Step 3: Accepted move
New variance: 0.002871
Acceptance rate: 100.00%

Step 4: Accepted move
New variance: 0.001910
Acceptance rate: 100.00%

Step 5: Accepted move
New variance: 0.001931
Acceptance rate: 100.00%

Step 6: Accepted move
New variance: 0.001493
Acceptance rate: 100.00%

Step 7: Accepted move
New variance: 0.001364
Acceptance rate: 100.00%

Step 8: Accepted move
New variance: 0.001554
Acceptance rate: 100.00%

Step 9: Accepted move
New variance: 0.001332
Acceptance rate: 100.00%

Step 10: Accepted move
New variance: 0.000942
Acceptance rate: 100.00%

Step 11: Accepted move
New variance: 0.000898
Acceptance rate: 100.00%

Step 12: Accepted move
New variance: 0.000971
Acceptance rate: 100.00%

Step 13: Accepted move
New variance: 0.000936
Acceptance rate: 100.00%

Step 14: Accepted move
New variance: 0.000899
Acceptance rate: 100.00%

Step 15: Accepted move
New variance: 0.000932
Acceptance rate: 100.00%

Step 16: Accepted move
New variance: 0.001070
Acceptance rate: 100.00%

Step 17: Accepted move
New variance: 0.000937
Acceptance rate: 100.00%

Step 18: Accepted move
New variance: 0.001077
Acceptance rate: 100.00%

Step 19: Accepted move
New variance: 0.001250
Acceptance rate: 100.00%

Step 20: Accepted move
New variance: 0.001112
Acceptance rate: 100.00%

Step 21: Accepted move
New variance: 0.001174
Acceptance rate: 100.00%

Step 22: Accepted move
New variance: 0.002264
Acceptance rate: 100.00%

Step 23: Accepted move
New variance: 0.002303
Acceptance rate: 100.00%

Step 24: Accepted move
New variance: 0.002008
Acceptance rate: 100.00%

Stopping: No improvement for 25 steps

Optimization complete:
Best variance: 0.273506
Accepted moves: 25/25 (100.00%)
Trajectory saved to: ../../data/zr-w-v-ti-cr/gen_4_2024-11-13/aa_results/batch_16/neb_21_structure_4857_step_0_adversarial.xyz

Optimizing structure: vac_structure_853_step_0
Initial variance: 0.273251

Step 0: Accepted move
New variance: 0.006950
Acceptance rate: 100.00%

Step 1: Accepted move
New variance: 0.003485
Acceptance rate: 100.00%

Step 2: Accepted move
New variance: 0.002038
Acceptance rate: 100.00%

Step 3: Accepted move
New variance: 0.001458
Acceptance rate: 100.00%

Step 4: Accepted move
New variance: 0.001983
Acceptance rate: 100.00%

Step 5: Accepted move
New variance: 0.001291
Acceptance rate: 100.00%

Step 6: Accepted move
New variance: 0.001307
Acceptance rate: 100.00%

Step 7: Accepted move
New variance: 0.001402
Acceptance rate: 100.00%

Step 8: Accepted move
New variance: 0.001374
Acceptance rate: 100.00%

Step 9: Accepted move
New variance: 0.001401
Acceptance rate: 100.00%

Step 10: Accepted move
New variance: 0.000899
Acceptance rate: 100.00%

Step 11: Accepted move
New variance: 0.001241
Acceptance rate: 100.00%

Step 12: Accepted move
New variance: 0.001135
Acceptance rate: 100.00%

Step 13: Accepted move
New variance: 0.001072
Acceptance rate: 100.00%

Step 14: Accepted move
New variance: 0.000959
Acceptance rate: 100.00%

Step 15: Accepted move
New variance: 0.001128
Acceptance rate: 100.00%

Step 16: Accepted move
New variance: 0.001216
Acceptance rate: 100.00%

Step 17: Accepted move
New variance: 0.000980
Acceptance rate: 100.00%

Step 18: Accepted move
New variance: 0.001054
Acceptance rate: 100.00%

Step 19: Accepted move
New variance: 0.001282
Acceptance rate: 100.00%

Step 20: Accepted move
New variance: 0.001089
Acceptance rate: 100.00%

Step 21: Accepted move
New variance: 0.001022
Acceptance rate: 100.00%

Step 22: Accepted move
New variance: 0.001287
Acceptance rate: 100.00%

Step 23: Accepted move
New variance: 0.001233
Acceptance rate: 100.00%

Step 24: Accepted move
New variance: 0.001568
Acceptance rate: 100.00%

Stopping: No improvement for 25 steps

Optimization complete:
Best variance: 0.273251
Accepted moves: 25/25 (100.00%)
Trajectory saved to: ../../data/zr-w-v-ti-cr/gen_4_2024-11-13/aa_results/batch_16/vac_structure_853_step_0_adversarial.xyz

Optimizing structure: vac_structure_1446_step_0
Initial variance: 0.273238

Step 0: Accepted move
New variance: 0.006247
Acceptance rate: 100.00%

Step 1: Accepted move
New variance: 0.003726
Acceptance rate: 100.00%

Step 2: Accepted move
New variance: 0.003422
Acceptance rate: 100.00%

Step 3: Accepted move
New variance: 0.002602
Acceptance rate: 100.00%

Step 4: Accepted move
New variance: 0.003064
Acceptance rate: 100.00%

Step 5: Accepted move
New variance: 0.002690
Acceptance rate: 100.00%

Step 6: Accepted move
New variance: 0.001817
Acceptance rate: 100.00%

Step 7: Accepted move
New variance: 0.002122
Acceptance rate: 100.00%

Step 8: Accepted move
New variance: 0.001799
Acceptance rate: 100.00%

Step 9: Accepted move
New variance: 0.001858
Acceptance rate: 100.00%

Step 10: Accepted move
New variance: 0.002064
Acceptance rate: 100.00%

Step 11: Accepted move
New variance: 0.001964
Acceptance rate: 100.00%

Step 12: Accepted move
New variance: 0.001738
Acceptance rate: 100.00%

Step 13: Accepted move
New variance: 0.002121
Acceptance rate: 100.00%

Step 14: Accepted move
New variance: 0.002077
Acceptance rate: 100.00%

Step 15: Accepted move
New variance: 0.002526
Acceptance rate: 100.00%

Step 16: Accepted move
New variance: 0.002772
Acceptance rate: 100.00%

Step 17: Accepted move
New variance: 0.003006
Acceptance rate: 100.00%

Step 18: Accepted move
New variance: 0.002665
Acceptance rate: 100.00%

Step 19: Accepted move
New variance: 0.003075
Acceptance rate: 100.00%

Step 20: Accepted move
New variance: 0.003102
Acceptance rate: 100.00%

Step 21: Accepted move
New variance: 0.002292
Acceptance rate: 100.00%

Step 22: Accepted move
New variance: 0.002166
Acceptance rate: 100.00%

Step 23: Accepted move
New variance: 0.003158
Acceptance rate: 100.00%

Step 24: Accepted move
New variance: 0.002109
Acceptance rate: 100.00%

Stopping: No improvement for 25 steps

Optimization complete:
Best variance: 0.273238
Accepted moves: 25/25 (100.00%)
Trajectory saved to: ../../data/zr-w-v-ti-cr/gen_4_2024-11-13/aa_results/batch_16/vac_structure_1446_step_0_adversarial.xyz
